2023-10-05 12:56:54 - [32minfo[39m: Reading configs from D:\pw_demoqa\browserstack.yml
2023-10-05 12:56:58 - [32minfo[39m: Local binary started successfully
2023-10-05 12:56:59 - [31merror[39m: Error: D:\pw_demoqa\playwright.config.js does not exist
    at resolveConfigFile (D:\pw_demoqa\node_modules\playwright\lib\common\configLoader.js:248:52)
    at Object.DXnIq (D:\pw_demoqa\node_modules\browserstack-node-sdk\src\bin\playwright\command.js:2:7281)
    at getUserPlaywrightConfig (D:\pw_demoqa\node_modules\browserstack-node-sdk\src\bin\playwright\command.js:2:8172)
    at Object.bfCQF (D:\pw_demoqa\node_modules\browserstack-node-sdk\src\bin\playwright\command.js:2:24472)
    at run (D:\pw_demoqa\node_modules\browserstack-node-sdk\src\bin\playwright\command.js:2:31755)
    at process.processTicksAndRejections (node:internal/process/task_queues:95:5)
    at async captureError (D:\pw_demoqa\node_modules\browserstack-node-sdk\src\bin\runner.js:2:1688)
2023-10-05 12:57:01 - [32minfo[39m: Local binary stopped
2023-10-05 12:57:17 - [32minfo[39m: Reading configs from D:\pw_demoqa\browserstack.yml
2023-10-05 12:57:21 - [32minfo[39m: Local binary started successfully
2023-10-05 12:57:22 - [32minfo[39m: Getting your playwright config from D:\pw_demoqa\playwright.config.ts
2023-10-05 12:57:22 - [32minfo[39m: Adding browserstack configs to setup for Observability
2023-10-05 12:57:23 - [32minfo[39m: Introducing BrowserStack Test Observability with enhanced debugging & insights for your tests. Please visit https://observability.browserstack.com to get access.
2023-10-05 13:05:11 - [31merror[39m: Cannot read properties of undefined (reading 'map')
2023-10-05 13:05:14 - [32minfo[39m: Reading configs from D:\pw_demoqa\browserstack.yml
2023-10-05 13:05:17 - [32minfo[39m: Local binary started successfully
2023-10-05 13:05:18 - [32minfo[39m: Getting your playwright config from D:\pw_demoqa\playwright.config.ts
2023-10-05 13:05:19 - [32minfo[39m: Adding browserstack configs to setup for Observability
2023-10-05 13:05:19 - [32minfo[39m: Introducing BrowserStack Test Observability with enhanced debugging & insights for your tests. Please visit https://observability.browserstack.com to get access.
2023-10-05 13:06:22 - [32minfo[39m: View build on BrowserStack dashboard: https://automate.browserstack.com/dashboard/v2/builds/e04435230d860c5839c05b9771ff550c55d2d2ba
2023-10-05 13:06:22 - [32minfo[39m: Deleting D:\pw_demoqa\playwright-browserstack-sdk.config.js
2023-10-05 13:06:25 - [32minfo[39m: Local binary stopped
2023-10-05 13:08:19 - [32minfo[39m: Reading configs from D:\pw_demoqa\browserstack.yml
2023-10-05 13:08:23 - [32minfo[39m: Local binary started successfully
2023-10-05 13:08:24 - [32minfo[39m: Getting your playwright config from D:\pw_demoqa\playwright.config.ts
2023-10-05 13:08:24 - [32minfo[39m: Adding browserstack configs to setup for Observability
2023-10-05 13:08:25 - [32minfo[39m: Introducing BrowserStack Test Observability with enhanced debugging & insights for your tests. Please visit https://observability.browserstack.com to get access.
2023-10-05 13:08:44 - [32minfo[39m: View build on BrowserStack dashboard: https://automate.browserstack.com/dashboard/v2/builds/d81b9fa4bdae438c685eec6dbcc3ba91d18ab486
2023-10-05 13:08:45 - [32minfo[39m: Deleting D:\pw_demoqa\playwright-browserstack-sdk.config.js
2023-10-05 13:08:48 - [32minfo[39m: Local binary stopped
2023-10-05 13:11:01 - [32minfo[39m: Reading configs from D:\pw_demoqa\browserstack.yml
2023-10-05 13:11:04 - [32minfo[39m: Local binary started successfully
2023-10-05 13:11:05 - [32minfo[39m: Getting your playwright config from D:\pw_demoqa\playwright.config.ts
2023-10-05 13:11:06 - [32minfo[39m: Adding browserstack configs to setup for Observability
2023-10-05 13:11:06 - [32minfo[39m: Introducing BrowserStack Test Observability with enhanced debugging & insights for your tests. Please visit https://observability.browserstack.com to get access.
2023-10-05 13:11:24 - [32minfo[39m: View build on BrowserStack dashboard: https://automate.browserstack.com/dashboard/v2/builds/67f95675eadd430d9cf418684f92aae9ceec3559
2023-10-05 13:11:25 - [32minfo[39m: Deleting D:\pw_demoqa\playwright-browserstack-sdk.config.js
2023-10-05 13:11:27 - [32minfo[39m: Local binary stopped
2023-10-05 13:17:53 - [32minfo[39m: Reading configs from D:\pw_demoqa\browserstack.yml
2023-10-05 13:17:56 - [32minfo[39m: Local binary started successfully
2023-10-05 13:17:57 - [32minfo[39m: Getting your playwright config from D:\pw_demoqa\playwright.config.ts
2023-10-05 13:17:57 - [32minfo[39m: Adding browserstack configs to setup for Observability
2023-10-05 13:17:57 - [32minfo[39m: Introducing BrowserStack Test Observability with enhanced debugging & insights for your tests. Please visit https://observability.browserstack.com to get access.
2023-10-05 13:18:08 - [32minfo[39m: View build on BrowserStack dashboard: https://automate.browserstack.com/dashboard/v2/builds/5e6674c4972abc1b3656523ef27fe649a55fa294
2023-10-05 13:18:08 - [32minfo[39m: Deleting D:\pw_demoqa\playwright-browserstack-sdk.config.js
2023-10-05 13:18:11 - [32minfo[39m: Local binary stopped
2023-10-05 13:20:57 - [32minfo[39m: Reading configs from D:\pw_demoqa\browserstack.yml
2023-10-05 13:21:00 - [32minfo[39m: Local binary started successfully
2023-10-05 13:21:01 - [32minfo[39m: Getting your playwright config from D:\pw_demoqa\playwright.config.ci.ts
2023-10-05 13:21:01 - [32minfo[39m: Adding browserstack configs to setup for Observability
2023-10-05 13:21:02 - [32minfo[39m: Introducing BrowserStack Test Observability with enhanced debugging & insights for your tests. Please visit https://observability.browserstack.com to get access.
2023-10-05 13:21:12 - [32minfo[39m: View build on BrowserStack dashboard: https://automate.browserstack.com/dashboard/v2/builds/682fa8a790d5facf332da970759f2866df9f8f02
2023-10-05 13:21:12 - [32minfo[39m: Deleting D:\pw_demoqa\playwright-browserstack-sdk.config.js
2023-10-05 13:21:15 - [32minfo[39m: Local binary stopped
2023-10-05 13:22:46 - [32minfo[39m: Reading configs from D:\pw_demoqa\browserstack.yml
2023-10-05 13:22:49 - [32minfo[39m: Local binary started successfully
2023-10-05 13:22:50 - [32minfo[39m: Getting your playwright config from D:\pw_demoqa\playwright.config.ci.ts
2023-10-05 13:22:50 - [32minfo[39m: Adding browserstack configs to setup for Observability
2023-10-05 13:22:50 - [32minfo[39m: Introducing BrowserStack Test Observability with enhanced debugging & insights for your tests. Please visit https://observability.browserstack.com to get access.
2023-10-05 13:23:01 - [32minfo[39m: View build on BrowserStack dashboard: https://automate.browserstack.com/dashboard/v2/builds/aba6526234a4733718384478fdad1c4ef57502fc
2023-10-05 13:23:01 - [32minfo[39m: Deleting D:\pw_demoqa\playwright-browserstack-sdk.config.js
2023-10-05 13:23:04 - [32minfo[39m: Local binary stopped
2023-10-05 13:29:39 - [32minfo[39m: Reading configs from D:\pw_demoqa\browserstack.yml
2023-10-05 13:29:42 - [32minfo[39m: Local binary started successfully
2023-10-05 13:29:43 - [32minfo[39m: Getting your playwright config from D:\pw_demoqa\playwright.config.ts
2023-10-05 13:29:43 - [32minfo[39m: Adding browserstack configs to setup for Observability
2023-10-05 13:29:44 - [32minfo[39m: Introducing BrowserStack Test Observability with enhanced debugging & insights for your tests. Please visit https://observability.browserstack.com to get access.
2023-10-05 13:30:01 - [32minfo[39m: View build on BrowserStack dashboard: https://automate.browserstack.com/dashboard/v2/builds/1d0b388548939a0b976d810ee07f182b8ecbb045
2023-10-05 13:30:02 - [32minfo[39m: Deleting D:\pw_demoqa\playwright-browserstack-sdk.config.js
2023-10-05 13:30:04 - [32minfo[39m: Local binary stopped
2023-10-05 13:30:23 - [32minfo[39m: Reading configs from D:\pw_demoqa\browserstack.yml
2023-10-05 13:30:26 - [32minfo[39m: Local binary started successfully
2023-10-05 13:30:27 - [32minfo[39m: Getting your playwright config from D:\pw_demoqa\playwright.config.ts
2023-10-05 13:30:27 - [32minfo[39m: Adding browserstack configs to setup for Observability
2023-10-05 13:30:28 - [32minfo[39m: Introducing BrowserStack Test Observability with enhanced debugging & insights for your tests. Please visit https://observability.browserstack.com to get access.
2023-10-05 13:30:31 - [31merror[39m: Cannot read properties of undefined (reading 'map')
2023-10-05 13:30:41 - [32minfo[39m: Reading configs from D:\pw_demoqa\browserstack.yml
2023-10-05 13:30:45 - [32minfo[39m: Local binary started successfully
2023-10-05 13:30:46 - [32minfo[39m: Getting your playwright config from D:\pw_demoqa\playwright.config.ts
2023-10-05 13:30:46 - [32minfo[39m: Adding browserstack configs to setup for Observability
2023-10-05 13:30:47 - [32minfo[39m: Introducing BrowserStack Test Observability with enhanced debugging & insights for your tests. Please visit https://observability.browserstack.com to get access.
2023-10-05 13:30:58 - [32minfo[39m: View build on BrowserStack dashboard: https://automate.browserstack.com/dashboard/v2/builds/6ee4da546995d68b7ad6082bcbeb3a7318fb5777
2023-10-05 13:30:58 - [32minfo[39m: Deleting D:\pw_demoqa\playwright-browserstack-sdk.config.js
2023-10-05 13:31:00 - [32minfo[39m: Local binary stopped
2023-10-05 13:31:15 - [32minfo[39m: Reading configs from D:\pw_demoqa\browserstack.yml
2023-10-05 13:31:18 - [32minfo[39m: Local binary started successfully
2023-10-05 13:31:19 - [32minfo[39m: Getting your playwright config from D:\pw_demoqa\playwright.config.ts
2023-10-05 13:31:19 - [32minfo[39m: Adding browserstack configs to setup for Observability
2023-10-05 13:31:20 - [32minfo[39m: Introducing BrowserStack Test Observability with enhanced debugging & insights for your tests. Please visit https://observability.browserstack.com to get access.
2023-10-05 13:31:30 - [32minfo[39m: View build on BrowserStack dashboard: https://automate.browserstack.com/dashboard/v2/builds/4ebe0acd3f5ba66997459cb2e9fd95baa233974a
2023-10-05 13:31:31 - [32minfo[39m: Deleting D:\pw_demoqa\playwright-browserstack-sdk.config.js
2023-10-05 13:31:33 - [32minfo[39m: Local binary stopped
2023-10-05 13:32:05 - [32minfo[39m: Reading configs from D:\pw_demoqa\browserstack.yml
2023-10-05 13:32:08 - [32minfo[39m: Local binary started successfully
2023-10-05 13:32:09 - [32minfo[39m: Getting your playwright config from D:\pw_demoqa\playwright.config.ts
2023-10-05 13:32:10 - [32minfo[39m: Adding browserstack configs to setup for Observability
2023-10-05 13:32:10 - [32minfo[39m: Introducing BrowserStack Test Observability with enhanced debugging & insights for your tests. Please visit https://observability.browserstack.com to get access.
2023-10-05 13:32:21 - [32minfo[39m: View build on BrowserStack dashboard: https://automate.browserstack.com/dashboard/v2/builds/9cbc7dd1c0629ca163ae16a7fce1d2aa9f0a04d1
2023-10-05 13:32:21 - [32minfo[39m: Deleting D:\pw_demoqa\playwright-browserstack-sdk.config.js
2023-10-05 13:32:24 - [32minfo[39m: Local binary stopped
2023-10-05 13:34:20 - [32minfo[39m: Reading configs from D:\pw_demoqa\browserstack.yml
2023-10-05 13:34:24 - [32minfo[39m: Local binary started successfully
2023-10-05 13:34:25 - [32minfo[39m: Getting your playwright config from D:\pw_demoqa\playwright.config.ts
2023-10-05 13:34:25 - [32minfo[39m: Adding browserstack configs to setup for Observability
2023-10-05 13:34:25 - [32minfo[39m: Introducing BrowserStack Test Observability with enhanced debugging & insights for your tests. Please visit https://observability.browserstack.com to get access.
2023-10-05 13:34:37 - [32minfo[39m: View build on BrowserStack dashboard: https://automate.browserstack.com/dashboard/v2/builds/057ddeed9c8db9092f9337c7d7854e3cb04e2c96
2023-10-05 13:34:37 - [32minfo[39m: Deleting D:\pw_demoqa\playwright-browserstack-sdk.config.js
2023-10-05 13:34:40 - [32minfo[39m: Local binary stopped
2023-10-05 13:42:27 - [32minfo[39m: Reading configs from D:\pw_demoqa\browserstack.yml
2023-10-05 13:42:30 - [32minfo[39m: Local binary started successfully
2023-10-05 13:42:31 - [32minfo[39m: Getting your playwright config from D:\pw_demoqa\playwright.config.ts
2023-10-05 13:42:31 - [32minfo[39m: Adding browserstack configs to setup for Observability
2023-10-05 13:42:32 - [32minfo[39m: Introducing BrowserStack Test Observability with enhanced debugging & insights for your tests. Please visit https://observability.browserstack.com to get access.
2023-10-05 13:42:42 - [32minfo[39m: View build on BrowserStack dashboard: https://automate.browserstack.com/dashboard/v2/builds/8e768daf89e312930f91805666831d8acf39e540
2023-10-05 13:42:42 - [32minfo[39m: Deleting D:\pw_demoqa\playwright-browserstack-sdk.config.js
2023-10-05 13:42:45 - [32minfo[39m: Local binary stopped
2023-10-05 13:52:47 - [32minfo[39m: Reading configs from D:\pw_demoqa\browserstack.yml
2023-10-05 13:52:50 - [32minfo[39m: Local binary started successfully
2023-10-05 13:52:51 - [32minfo[39m: Getting your playwright config from D:\pw_demoqa\playwright.config.ts
2023-10-05 13:52:51 - [31merror[39m: Error in importing your playwright config:  Cannot find module './src/global/global-setup'
Require stack:
- D:\pw_demoqa\playwright.config.ts
- D:\pw_demoqa\node_modules\playwright\lib\transform\transform.js
- D:\pw_demoqa\node_modules\playwright\lib\common\configLoader.js
- D:\pw_demoqa\node_modules\browserstack-node-sdk\src\helpers\helper.js
- D:\pw_demoqa\node_modules\browserstack-node-sdk\src\bin\runner.js
2023-10-05 13:52:55 - [32minfo[39m: Local binary stopped
2023-10-05 13:54:08 - [32minfo[39m: Reading configs from D:\pw_demoqa\browserstack.yml
2023-10-05 13:54:11 - [32minfo[39m: Local binary started successfully
2023-10-05 13:54:12 - [32minfo[39m: Getting your playwright config from D:\pw_demoqa\playwright.config.ts
2023-10-05 13:54:13 - [32minfo[39m: Adding browserstack configs to setup for Observability
2023-10-05 13:54:13 - [32minfo[39m: Introducing BrowserStack Test Observability with enhanced debugging & insights for your tests. Please visit https://observability.browserstack.com to get access.
2023-10-05 13:54:15 - [32minfo[39m: Deleting D:\pw_demoqa\playwright-browserstack-sdk.config.js
2023-10-05 13:54:18 - [32minfo[39m: Local binary stopped
2023-10-05 13:55:51 - [32minfo[39m: Reading configs from D:\pw_demoqa\browserstack.yml
2023-10-05 13:55:54 - [32minfo[39m: Local binary started successfully
2023-10-05 13:55:55 - [32minfo[39m: Getting your playwright config from D:\pw_demoqa\playwright.config.ts
2023-10-05 13:55:56 - [32minfo[39m: Adding browserstack configs to setup for Observability
2023-10-05 13:55:56 - [32minfo[39m: Introducing BrowserStack Test Observability with enhanced debugging & insights for your tests. Please visit https://observability.browserstack.com to get access.
2023-10-05 14:03:34 - [31merror[39m: Cannot read properties of undefined (reading 'map')
2023-10-05 14:03:36 - [32minfo[39m: Reading configs from D:\pw_demoqa\browserstack.yml
2023-10-05 14:03:39 - [32minfo[39m: Local binary started successfully
2023-10-05 14:03:40 - [32minfo[39m: Getting your playwright config from D:\pw_demoqa\playwright.config.ts
2023-10-05 14:03:40 - [32minfo[39m: Adding browserstack configs to setup for Observability
2023-10-05 14:03:41 - [32minfo[39m: Introducing BrowserStack Test Observability with enhanced debugging & insights for your tests. Please visit https://observability.browserstack.com to get access.
2023-10-05 14:03:52 - [32minfo[39m: View build on BrowserStack dashboard: https://automate.browserstack.com/dashboard/v2/builds/aa1efc82378e5d906410dabe41b0523b3bcf57b3
2023-10-05 14:03:53 - [32minfo[39m: Deleting D:\pw_demoqa\playwright-browserstack-sdk.config.js
2023-10-05 14:03:55 - [32minfo[39m: Local binary stopped
2023-10-05 14:05:34 - [32minfo[39m: Reading configs from D:\pw_demoqa\browserstack.yml
2023-10-05 14:05:37 - [32minfo[39m: Local binary started successfully
2023-10-05 14:05:38 - [32minfo[39m: Getting your playwright config from D:\pw_demoqa\playwright.config.ts
2023-10-05 14:05:38 - [32minfo[39m: Adding browserstack configs to setup for Observability
2023-10-05 14:05:39 - [32minfo[39m: Introducing BrowserStack Test Observability with enhanced debugging & insights for your tests. Please visit https://observability.browserstack.com to get access.
2023-10-05 14:05:50 - [32minfo[39m: View build on BrowserStack dashboard: https://automate.browserstack.com/dashboard/v2/builds/944f82141889dc951e80b8ba4e14605c87e6cf87
2023-10-05 14:05:51 - [32minfo[39m: Deleting D:\pw_demoqa\playwright-browserstack-sdk.config.js
2023-10-05 14:05:54 - [32minfo[39m: Local binary stopped
2023-10-05 14:12:38 - [32minfo[39m: Reading configs from D:\pw_demoqa\browserstack.yml
2023-10-05 14:12:41 - [32minfo[39m: Local binary started successfully
2023-10-05 14:12:43 - [32minfo[39m: Getting your playwright config from D:\pw_demoqa\playwright.config.ts
2023-10-05 14:12:43 - [32minfo[39m: Adding browserstack configs to setup for Observability
2023-10-05 14:12:43 - [32minfo[39m: Introducing BrowserStack Test Observability with enhanced debugging & insights for your tests. Please visit https://observability.browserstack.com to get access.
2023-10-05 14:12:54 - [32minfo[39m: View build on BrowserStack dashboard: https://automate.browserstack.com/dashboard/v2/builds/aad2486989dbd4eb2d988cf078147891c2802b42
2023-10-05 14:12:55 - [32minfo[39m: Deleting D:\pw_demoqa\playwright-browserstack-sdk.config.js
2023-10-05 14:12:57 - [32minfo[39m: Local binary stopped
2023-10-05 14:14:28 - [32minfo[39m: Reading configs from D:\pw_demoqa\browserstack.yml
2023-10-05 14:14:31 - [32minfo[39m: Local binary started successfully
2023-10-05 14:14:32 - [32minfo[39m: Getting your playwright config from D:\pw_demoqa\playwright.config.ts
2023-10-05 14:14:32 - [32minfo[39m: Adding browserstack configs to setup for Observability
2023-10-05 14:14:32 - [32minfo[39m: Introducing BrowserStack Test Observability with enhanced debugging & insights for your tests. Please visit https://observability.browserstack.com to get access.
2023-10-05 14:14:52 - [32minfo[39m: View build on BrowserStack dashboard: https://automate.browserstack.com/dashboard/v2/builds/e517858be9662cbda6e1664f4029012990f24f49
2023-10-05 14:14:52 - [32minfo[39m: Deleting D:\pw_demoqa\playwright-browserstack-sdk.config.js
2023-10-05 14:14:54 - [32minfo[39m: Local binary stopped
2023-10-06 11:12:47 - [32minfo[39m: Creating configuration file...
2023-10-06 11:12:47 - [32minfo[39m: Adding new script(s) in package.json...
2023-10-06 11:12:47 - [32minfo[39m: Setup completed
2023-10-06 11:14:47 - [32minfo[39m: Reading configs from D:\pw_demoqa\browserstack.yml
2023-10-06 11:14:50 - [32minfo[39m: Local binary started successfully
2023-10-06 11:14:51 - [32minfo[39m: Getting your playwright config from D:\pw_demoqa\playwright.config.ts
2023-10-06 11:14:51 - [32minfo[39m: Adding browserstack configs to setup for Observability
2023-10-06 11:14:52 - [32minfo[39m: Introducing BrowserStack Test Observability with enhanced debugging & insights for your tests. Please visit https://observability.browserstack.com to get access.
2023-10-06 11:16:18 - [32minfo[39m: View build on BrowserStack dashboard: https://automate.browserstack.com/dashboard/v2/builds/b92de55e788a19cbc492607f9093921712bfcc55
2023-10-06 11:16:18 - [32minfo[39m: Deleting D:\pw_demoqa\playwright-browserstack-sdk.config.js
2023-10-06 11:16:21 - [32minfo[39m: Local binary stopped
2023-10-09 09:20:20 - [32minfo[39m: Reading configs from D:\pw_demoqa\browserstack.yml
2023-10-09 09:20:24 - [32minfo[39m: Local binary started successfully
2023-10-09 09:20:25 - [32minfo[39m: Getting your playwright config from D:\pw_demoqa\playwright.config.ts
2023-10-09 09:20:26 - [32minfo[39m: Adding browserstack configs to setup for Observability
2023-10-09 09:20:27 - [32minfo[39m: Introducing BrowserStack Test Observability with enhanced debugging & insights for your tests. Please visit https://observability.browserstack.com to get access.
2023-10-09 09:33:34 - [31merror[39m: Cannot read properties of undefined (reading 'map')
2023-10-09 10:39:21 - [32minfo[39m: Reading configs from D:\PlayWright_DemoQA_BrowserStackSDK\browserstack.yml
2023-10-09 10:39:25 - [32minfo[39m: Local binary started successfully
2023-10-09 10:39:30 - [32minfo[39m: Getting your playwright config from D:\PlayWright_DemoQA_BrowserStackSDK\playwright.config.ts
2023-10-09 10:39:31 - [32minfo[39m: Adding browserstack configs to setup for Observability
2023-10-09 10:39:32 - [32minfo[39m: Introducing BrowserStack Test Observability with enhanced debugging & insights for your tests. Please visit https://observability.browserstack.com to get access.
2023-10-09 10:42:07 - [31merror[39m: Cannot read properties of undefined (reading 'map')
2023-10-09 10:42:09 - [32minfo[39m: Reading configs from D:\PlayWright_DemoQA_BrowserStackSDK\browserstack.yml
2023-10-09 10:42:12 - [32minfo[39m: Local binary started successfully
2023-10-09 10:42:15 - [32minfo[39m: Getting your playwright config from D:\PlayWright_DemoQA_BrowserStackSDK\playwright.config.ts
2023-10-09 10:42:15 - [32minfo[39m: Adding browserstack configs to setup for Observability
2023-10-09 10:42:16 - [32minfo[39m: Introducing BrowserStack Test Observability with enhanced debugging & insights for your tests. Please visit https://observability.browserstack.com to get access.
2023-10-09 10:45:45 - [31merror[39m: Cannot read properties of undefined (reading 'map')
2023-10-09 10:45:58 - [32minfo[39m: Reading configs from D:\PlayWright_DemoQA_BrowserStackSDK\browserstack.yml
2023-10-09 10:46:01 - [32minfo[39m: Local binary started successfully
2023-10-09 10:46:06 - [32minfo[39m: Getting your playwright config from D:\PlayWright_DemoQA_BrowserStackSDK\playwright.config.ts
2023-10-09 10:46:07 - [32minfo[39m: Adding browserstack configs to setup for Observability
2023-10-09 10:46:07 - [32minfo[39m: Introducing BrowserStack Test Observability with enhanced debugging & insights for your tests. Please visit https://observability.browserstack.com to get access.
2023-10-09 10:46:31 - [32minfo[39m: View build on BrowserStack dashboard: https://automate.browserstack.com/dashboard/v2/builds/470079e355fe48130e4ccc1c13ad084c28a7fe90
2023-10-09 10:46:32 - [32minfo[39m: Deleting D:\PlayWright_DemoQA_BrowserStackSDK\playwright-browserstack-sdk.config.js
2023-10-09 10:46:34 - [32minfo[39m: Local binary stopped
2023-10-09 10:50:53 - [32minfo[39m: Reading configs from D:\PlayWright_DemoQA_BrowserStackSDK\browserstack.yml
2023-10-09 10:50:56 - [32minfo[39m: Local binary started successfully
2023-10-09 10:50:58 - [32minfo[39m: Getting your playwright config from D:\PlayWright_DemoQA_BrowserStackSDK\playwright.config.ts
2023-10-09 10:50:58 - [32minfo[39m: Adding browserstack configs to setup for Observability
2023-10-09 10:50:58 - [32minfo[39m: Introducing BrowserStack Test Observability with enhanced debugging & insights for your tests. Please visit https://observability.browserstack.com to get access.
2023-10-09 10:56:59 - [31merror[39m: Cannot read properties of undefined (reading 'map')
2023-10-09 10:58:27 - [32minfo[39m: Reading configs from D:\PlayWright_DemoQA_BrowserStackSDK\browserstack.yml
2023-10-09 10:58:30 - [32minfo[39m: Local binary started successfully
2023-10-09 10:58:31 - [32minfo[39m: Getting your playwright config from D:\PlayWright_DemoQA_BrowserStackSDK\playwright.config.ts
2023-10-09 10:58:31 - [32minfo[39m: Adding browserstack configs to setup for Observability
2023-10-09 10:58:32 - [32minfo[39m: Introducing BrowserStack Test Observability with enhanced debugging & insights for your tests. Please visit https://observability.browserstack.com to get access.
2023-10-09 11:00:01 - [31merror[39m: Cannot read properties of undefined (reading 'map')
2023-10-09 11:00:04 - [32minfo[39m: Reading configs from D:\PlayWright_DemoQA_BrowserStackSDK\browserstack.yml
2023-10-09 11:00:06 - [32minfo[39m: Local binary started successfully
2023-10-09 11:00:08 - [32minfo[39m: Getting your playwright config from D:\PlayWright_DemoQA_BrowserStackSDK\playwright.config.ts
2023-10-09 11:00:08 - [32minfo[39m: Adding browserstack configs to setup for Observability
2023-10-09 11:00:09 - [32minfo[39m: Introducing BrowserStack Test Observability with enhanced debugging & insights for your tests. Please visit https://observability.browserstack.com to get access.
2023-10-09 11:00:34 - [32minfo[39m: View build on BrowserStack dashboard: https://automate.browserstack.com/dashboard/v2/builds/771128798f5487d477c9a4ce597d07ba6d696f29
2023-10-09 11:00:35 - [32minfo[39m: Deleting D:\PlayWright_DemoQA_BrowserStackSDK\playwright-browserstack-sdk.config.js
2023-10-09 11:00:37 - [32minfo[39m: Local binary stopped
2023-10-09 11:01:14 - [32minfo[39m: Reading configs from D:\PlayWright_DemoQA_BrowserStackSDK\browserstack.yml
2023-10-09 11:01:17 - [32minfo[39m: Local binary started successfully
2023-10-09 11:01:25 - [32minfo[39m: Getting your playwright config from D:\PlayWright_DemoQA_BrowserStackSDK\playwright.config.ts
2023-10-09 11:01:26 - [32minfo[39m: Adding browserstack configs to setup for Observability
2023-10-09 11:01:27 - [32minfo[39m: Introducing BrowserStack Test Observability with enhanced debugging & insights for your tests. Please visit https://observability.browserstack.com to get access.
2023-10-09 11:01:52 - [32minfo[39m: View build on BrowserStack dashboard: https://automate.browserstack.com/dashboard/v2/builds/8b173ab68fad5e8b41bf8f63b1be41bc89762ff6
2023-10-09 11:01:52 - [32minfo[39m: Deleting D:\PlayWright_DemoQA_BrowserStackSDK\playwright-browserstack-sdk.config.js
2023-10-09 11:01:55 - [32minfo[39m: Local binary stopped
2023-10-09 11:46:33 - [32minfo[39m: Reading configs from D:\PlayWright_DemoQA_BrowserStackSDK\browserstack.yml
2023-10-09 11:46:36 - [32minfo[39m: Local binary started successfully
2023-10-09 11:46:38 - [32minfo[39m: Getting your playwright config from D:\PlayWright_DemoQA_BrowserStackSDK\playwright.config.ts
2023-10-09 11:46:38 - [32minfo[39m: Adding browserstack configs to setup for Observability
2023-10-09 11:46:38 - [32minfo[39m: Introducing BrowserStack Test Observability with enhanced debugging & insights for your tests. Please visit https://observability.browserstack.com to get access.
2023-10-09 11:47:28 - [32minfo[39m: View build on BrowserStack dashboard: https://automate.browserstack.com/dashboard/v2/builds/741b72d0ddb88ea8aa5100cbd50d65c7cfa4eec9
2023-10-09 11:47:29 - [32minfo[39m: Deleting D:\PlayWright_DemoQA_BrowserStackSDK\playwright-browserstack-sdk.config.js
2023-10-09 11:47:31 - [32minfo[39m: Local binary stopped
2023-10-09 11:51:45 - [32minfo[39m: Reading configs from D:\PlayWright_DemoQA_BrowserStackSDK\browserstack.yml
2023-10-09 11:51:48 - [32minfo[39m: Local binary started successfully
2023-10-09 11:51:51 - [32minfo[39m: Getting your playwright config from D:\PlayWright_DemoQA_BrowserStackSDK\playwright.config.ts
2023-10-09 11:51:51 - [32minfo[39m: Adding browserstack configs to setup for Observability
2023-10-09 11:51:52 - [32minfo[39m: Introducing BrowserStack Test Observability with enhanced debugging & insights for your tests. Please visit https://observability.browserstack.com to get access.
2023-10-09 11:54:24 - [31merror[39m: Cannot read properties of undefined (reading 'map')
2023-10-09 11:54:26 - [32minfo[39m: Reading configs from D:\PlayWright_DemoQA_BrowserStackSDK\browserstack.yml
2023-10-09 11:54:29 - [32minfo[39m: Local binary started successfully
2023-10-09 11:54:30 - [32minfo[39m: Getting your playwright config from D:\PlayWright_DemoQA_BrowserStackSDK\playwright.config.ts
2023-10-09 11:54:31 - [32minfo[39m: Adding browserstack configs to setup for Observability
2023-10-09 11:54:31 - [32minfo[39m: Introducing BrowserStack Test Observability with enhanced debugging & insights for your tests. Please visit https://observability.browserstack.com to get access.
2023-10-09 12:02:55 - [31merror[39m: Cannot read properties of undefined (reading 'map')
2023-10-09 12:02:57 - [32minfo[39m: Reading configs from D:\PlayWright_DemoQA_BrowserStackSDK\browserstack.yml
2023-10-09 12:03:00 - [32minfo[39m: Local binary started successfully
2023-10-09 12:03:06 - [32minfo[39m: Getting your playwright config from D:\PlayWright_DemoQA_BrowserStackSDK\playwright.config.ts
2023-10-09 12:03:06 - [32minfo[39m: Adding browserstack configs to setup for Observability
2023-10-09 12:03:07 - [32minfo[39m: Introducing BrowserStack Test Observability with enhanced debugging & insights for your tests. Please visit https://observability.browserstack.com to get access.
2023-10-09 12:06:47 - [32minfo[39m: Reading configs from D:\PlayWright_DemoQA_BrowserStackSDK\browserstack.yml
2023-10-09 12:06:50 - [32minfo[39m: Local binary started successfully
2023-10-09 12:06:51 - [32minfo[39m: Getting your playwright config from D:\PlayWright_DemoQA_BrowserStackSDK\playwright.config.ts
2023-10-09 12:06:51 - [32minfo[39m: Adding browserstack configs to setup for Observability
2023-10-09 12:06:52 - [32minfo[39m: Introducing BrowserStack Test Observability with enhanced debugging & insights for your tests. Please visit https://observability.browserstack.com to get access.
2023-10-09 12:07:19 - [32minfo[39m: View build on BrowserStack dashboard: https://automate.browserstack.com/dashboard/v2/builds/e47b13ac171ef280e9033f66d1a2ad97e1dcc392
2023-10-09 12:07:19 - [32minfo[39m: Deleting D:\PlayWright_DemoQA_BrowserStackSDK\playwright-browserstack-sdk.config.js
2023-10-09 12:07:21 - [32minfo[39m: Local binary stopped
2023-10-09 12:08:41 - [32minfo[39m: Reading configs from D:\PlayWright_DemoQA_BrowserStackSDK\browserstack.yml
2023-10-09 12:08:44 - [32minfo[39m: Local binary started successfully
2023-10-09 12:08:45 - [32minfo[39m: Getting your playwright config from D:\PlayWright_DemoQA_BrowserStackSDK\playwright.config.ts
2023-10-09 12:08:45 - [32minfo[39m: Adding browserstack configs to setup for Observability
2023-10-09 12:08:50 - [32minfo[39m: Introducing BrowserStack Test Observability with enhanced debugging & insights for your tests. Please visit https://observability.browserstack.com to get access.
2023-10-09 12:09:25 - [32minfo[39m: View build on BrowserStack dashboard: https://automate.browserstack.com/dashboard/v2/builds/8ae4bb901489dde33ee141e4154fa94ca769a95b
2023-10-09 12:09:25 - [32minfo[39m: Deleting D:\PlayWright_DemoQA_BrowserStackSDK\playwright-browserstack-sdk.config.js
2023-10-09 12:09:28 - [32minfo[39m: Local binary stopped
2023-10-09 12:09:39 - [32minfo[39m: Reading configs from D:\PlayWright_DemoQA_BrowserStackSDK\browserstack.yml
2023-10-09 12:09:42 - [32minfo[39m: Local binary started successfully
2023-10-09 12:09:44 - [32minfo[39m: Getting your playwright config from D:\PlayWright_DemoQA_BrowserStackSDK\playwright.config.ts
2023-10-09 12:09:44 - [32minfo[39m: Adding browserstack configs to setup for Observability
2023-10-09 12:09:44 - [32minfo[39m: Introducing BrowserStack Test Observability with enhanced debugging & insights for your tests. Please visit https://observability.browserstack.com to get access.
2023-10-09 12:10:59 - [32minfo[39m: View build on BrowserStack dashboard: https://automate.browserstack.com/dashboard/v2/builds/18dc116f6865333c70b2a4c40473d69ba94680af
2023-10-09 12:10:59 - [32minfo[39m: Deleting D:\PlayWright_DemoQA_BrowserStackSDK\playwright-browserstack-sdk.config.js
2023-10-09 12:11:02 - [32minfo[39m: Local binary stopped
2023-10-09 12:38:25 - [32minfo[39m: Reading configs from D:\PlayWright_DemoQA_BrowserStackSDK\browserstack.yml
2023-10-09 12:38:28 - [32minfo[39m: Local binary started successfully
2023-10-09 12:38:30 - [32minfo[39m: Getting your playwright config from D:\PlayWright_DemoQA_BrowserStackSDK\playwright.config.ts
2023-10-09 12:38:30 - [32minfo[39m: Adding browserstack configs to setup for Observability
2023-10-09 12:38:30 - [32minfo[39m: Introducing BrowserStack Test Observability with enhanced debugging & insights for your tests. Please visit https://observability.browserstack.com to get access.
2023-10-09 12:39:01 - [32minfo[39m: View build on BrowserStack dashboard: https://automate.browserstack.com/dashboard/v2/builds/3b68506b3b72e12ce90919c1b34b9bb19adac0de
2023-10-09 12:39:01 - [32minfo[39m: Deleting D:\PlayWright_DemoQA_BrowserStackSDK\playwright-browserstack-sdk.config.js
2023-10-09 12:39:04 - [32minfo[39m: Local binary stopped
2023-10-09 12:44:16 - [32minfo[39m: Reading configs from D:\PlayWright_DemoQA_BrowserStackSDK\browserstack.yml
2023-10-09 12:44:19 - [32minfo[39m: Local binary started successfully
2023-10-09 12:44:21 - [32minfo[39m: Getting your playwright config from D:\PlayWright_DemoQA_BrowserStackSDK\playwright.config.ts
2023-10-09 12:44:21 - [32minfo[39m: Adding browserstack configs to setup for Observability
2023-10-09 12:44:22 - [32minfo[39m: Introducing BrowserStack Test Observability with enhanced debugging & insights for your tests. Please visit https://observability.browserstack.com to get access.
2023-10-09 12:44:43 - [32minfo[39m: View build on BrowserStack dashboard: https://automate.browserstack.com/dashboard/v2/builds/eb5426a8aa5096633e7a3224516cb6bd8067cd18
2023-10-09 12:44:43 - [32minfo[39m: Deleting D:\PlayWright_DemoQA_BrowserStackSDK\playwright-browserstack-sdk.config.js
2023-10-09 12:44:46 - [32minfo[39m: Local binary stopped
2023-10-09 13:13:38 - [32minfo[39m: Reading configs from D:\PlayWright_DemoQA_BrowserStackSDK\browserstack.yml
2023-10-09 13:13:41 - [32minfo[39m: Local binary started successfully
2023-10-09 13:13:44 - [32minfo[39m: Getting your playwright config from D:\PlayWright_DemoQA_BrowserStackSDK\playwright.config.ts
2023-10-09 13:13:44 - [32minfo[39m: Adding browserstack configs to setup for Observability
2023-10-09 13:13:44 - [32minfo[39m: Introducing BrowserStack Test Observability with enhanced debugging & insights for your tests. Please visit https://observability.browserstack.com to get access.
2023-10-09 13:13:59 - [32minfo[39m: View build on BrowserStack dashboard: https://automate.browserstack.com/dashboard/v2/builds/99c5f1ac1d5414070abf0234950e0086a17d8ea2
2023-10-09 13:13:59 - [32minfo[39m: Deleting D:\PlayWright_DemoQA_BrowserStackSDK\playwright-browserstack-sdk.config.js
2023-10-09 13:14:02 - [32minfo[39m: Local binary stopped
2023-10-10 10:16:03 - [32minfo[39m: Reading configs from D:\PlayWright_DemoQA_BrowserStackSDK\browserstack.yml
2023-10-10 10:16:05 - [32minfo[39m: Local binary started successfully
2023-10-10 10:16:06 - [32minfo[39m: Getting your playwright config from D:\PlayWright_DemoQA_BrowserStackSDK\playwright.config.ts
2023-10-10 10:16:07 - [32minfo[39m: Adding browserstack configs to setup for Observability
2023-10-10 10:16:07 - [32minfo[39m: Introducing BrowserStack Test Observability with enhanced debugging & insights for your tests. Please visit https://observability.browserstack.com to get access.
2023-10-10 10:25:18 - [31merror[39m: Cannot read properties of undefined (reading 'map')
2023-10-10 10:53:52 - [32minfo[39m: Reading configs from D:\PlayWright_DemoQA_BrowserStackSDK\browserstack.yml
2023-10-10 10:53:54 - [32minfo[39m: Local binary started successfully
2023-10-10 10:53:55 - [32minfo[39m: Getting your playwright config from D:\PlayWright_DemoQA_BrowserStackSDK\playwright.config.ts
2023-10-10 10:53:56 - [32minfo[39m: Adding browserstack configs to setup for Observability
2023-10-10 10:53:56 - [32minfo[39m: Introducing BrowserStack Test Observability with enhanced debugging & insights for your tests. Please visit https://observability.browserstack.com to get access.
2023-10-10 10:54:12 - [32minfo[39m: View build on BrowserStack dashboard: https://automate.browserstack.com/dashboard/v2/builds/b8d0774a9c7da5800b807b6e4baaf3f496f87192
2023-10-10 10:54:12 - [32minfo[39m: Deleting D:\PlayWright_DemoQA_BrowserStackSDK\playwright-browserstack-sdk.config.js
2023-10-10 10:54:15 - [32minfo[39m: Local binary stopped
2023-10-10 10:58:38 - [32minfo[39m: Reading configs from D:\PlayWright_DemoQA_BrowserStackSDK\browserstack.yml
2023-10-10 10:58:41 - [32minfo[39m: Local binary started successfully
2023-10-10 10:58:42 - [32minfo[39m: Getting your playwright config from D:\PlayWright_DemoQA_BrowserStackSDK\playwright.config.ts
2023-10-10 10:58:42 - [32minfo[39m: Adding browserstack configs to setup for Observability
2023-10-10 10:58:43 - [32minfo[39m: Introducing BrowserStack Test Observability with enhanced debugging & insights for your tests. Please visit https://observability.browserstack.com to get access.
2023-10-10 10:58:59 - [32minfo[39m: View build on BrowserStack dashboard: https://automate.browserstack.com/dashboard/v2/builds/83b78fcb41fde9a20968f9d0916cd63d717a11b1
2023-10-10 10:58:59 - [32minfo[39m: Deleting D:\PlayWright_DemoQA_BrowserStackSDK\playwright-browserstack-sdk.config.js
2023-10-10 10:59:01 - [32minfo[39m: Local binary stopped
2023-10-10 11:06:01 - [32minfo[39m: Reading configs from D:\PlayWright_DemoQA_BrowserStackSDK\browserstack.yml
2023-10-10 11:06:04 - [32minfo[39m: Local binary started successfully
2023-10-10 11:06:05 - [32minfo[39m: Getting your playwright config from D:\PlayWright_DemoQA_BrowserStackSDK\playwright.config.ts
2023-10-10 11:06:05 - [32minfo[39m: Adding browserstack configs to setup for Observability
2023-10-10 11:06:05 - [32minfo[39m: Introducing BrowserStack Test Observability with enhanced debugging & insights for your tests. Please visit https://observability.browserstack.com to get access.
2023-10-10 11:06:23 - [32minfo[39m: View build on BrowserStack dashboard: https://automate.browserstack.com/dashboard/v2/builds/96844a9dd0842cd088ed3ae86d5d3b315c4bd19a
2023-10-10 11:06:23 - [32minfo[39m: Deleting D:\PlayWright_DemoQA_BrowserStackSDK\playwright-browserstack-sdk.config.js
2023-10-10 11:06:26 - [32minfo[39m: Local binary stopped
2023-10-10 11:19:31 - [32minfo[39m: Reading configs from D:\PlayWright_DemoQA_BrowserStackSDK\browserstack.yml
2023-10-10 11:19:34 - [32minfo[39m: Local binary started successfully
2023-10-10 11:19:35 - [32minfo[39m: Getting your playwright config from D:\PlayWright_DemoQA_BrowserStackSDK\playwright.config.ts
2023-10-10 11:19:35 - [32minfo[39m: Adding browserstack configs to setup for Observability
2023-10-10 11:19:36 - [32minfo[39m: Introducing BrowserStack Test Observability with enhanced debugging & insights for your tests. Please visit https://observability.browserstack.com to get access.
2023-10-10 11:19:51 - [32minfo[39m: View build on BrowserStack dashboard: https://automate.browserstack.com/dashboard/v2/builds/92008399f45573f9054391b5f0e7410c68dad86f
2023-10-10 11:19:52 - [32minfo[39m: Deleting D:\PlayWright_DemoQA_BrowserStackSDK\playwright-browserstack-sdk.config.js
2023-10-10 11:19:54 - [32minfo[39m: Local binary stopped
2023-10-10 12:11:53 - [32minfo[39m: Reading configs from D:\PlayWright_DemoQA_BrowserStackSDK\browserstack.yml
2023-10-10 12:11:56 - [32minfo[39m: Local binary started successfully
2023-10-10 12:11:57 - [32minfo[39m: Getting your playwright config from D:\PlayWright_DemoQA_BrowserStackSDK\playwright.config.ts
2023-10-10 12:11:57 - [32minfo[39m: Adding browserstack configs to setup for Observability
2023-10-10 12:11:58 - [32minfo[39m: Introducing BrowserStack Test Observability with enhanced debugging & insights for your tests. Please visit https://observability.browserstack.com to get access.
2023-10-10 12:12:15 - [32minfo[39m: View build on BrowserStack dashboard: https://automate.browserstack.com/dashboard/v2/builds/f27d89f74e99459e6cae0cf7157cabb4a38d1b55
2023-10-10 12:12:16 - [32minfo[39m: Deleting D:\PlayWright_DemoQA_BrowserStackSDK\playwright-browserstack-sdk.config.js
2023-10-10 12:12:19 - [32minfo[39m: Local binary stopped
2023-10-10 12:43:29 - [32minfo[39m: Reading configs from D:\PlayWright_DemoQA_BrowserStackSDK\browserstack.yml
2023-10-10 12:43:32 - [32minfo[39m: Local binary started successfully
2023-10-10 12:43:33 - [32minfo[39m: Getting your playwright config from D:\PlayWright_DemoQA_BrowserStackSDK\playwright.config.ts
2023-10-10 12:43:33 - [32minfo[39m: Adding browserstack configs to setup for Observability
2023-10-10 12:43:34 - [32minfo[39m: Introducing BrowserStack Test Observability with enhanced debugging & insights for your tests. Please visit https://observability.browserstack.com to get access.
2023-10-10 12:43:50 - [32minfo[39m: View build on BrowserStack dashboard: https://automate.browserstack.com/dashboard/v2/builds/8dcd77eae2301d35352f2b79a5503f9abdc306cc
2023-10-10 12:43:50 - [32minfo[39m: Deleting D:\PlayWright_DemoQA_BrowserStackSDK\playwright-browserstack-sdk.config.js
2023-10-10 12:43:53 - [32minfo[39m: Local binary stopped
2023-10-10 13:12:18 - [32minfo[39m: Reading configs from D:\PlayWright_DemoQA_BrowserStackSDK\browserstack.yml
2023-10-10 13:12:21 - [32minfo[39m: Local binary started successfully
2023-10-10 13:12:22 - [32minfo[39m: Getting your playwright config from D:\PlayWright_DemoQA_BrowserStackSDK\playwright.config.ts
2023-10-10 13:12:23 - [32minfo[39m: Adding browserstack configs to setup for Observability
2023-10-10 13:12:23 - [32minfo[39m: Introducing BrowserStack Test Observability with enhanced debugging & insights for your tests. Please visit https://observability.browserstack.com to get access.
2023-10-10 13:12:40 - [32minfo[39m: View build on BrowserStack dashboard: https://automate.browserstack.com/dashboard/v2/builds/c15590ab75e36ddb222cabd2248731c2736d810b
2023-10-10 13:12:40 - [32minfo[39m: Deleting D:\PlayWright_DemoQA_BrowserStackSDK\playwright-browserstack-sdk.config.js
2023-10-10 13:12:43 - [32minfo[39m: Local binary stopped
2023-10-10 13:13:25 - [32minfo[39m: Reading configs from D:\PlayWright_DemoQA_BrowserStackSDK\browserstack.yml
2023-10-10 13:13:28 - [32minfo[39m: Local binary started successfully
2023-10-10 13:13:29 - [32minfo[39m: Getting your playwright config from D:\PlayWright_DemoQA_BrowserStackSDK\playwright.config.ts
2023-10-10 13:13:29 - [32minfo[39m: Adding browserstack configs to setup for Observability
2023-10-10 13:13:30 - [32minfo[39m: Introducing BrowserStack Test Observability with enhanced debugging & insights for your tests. Please visit https://observability.browserstack.com to get access.
2023-10-10 13:13:48 - [32minfo[39m: View build on BrowserStack dashboard: https://automate.browserstack.com/dashboard/v2/builds/496c94536e8846c559480a4d97c07a5a56db24ca
2023-10-10 13:13:48 - [32minfo[39m: Deleting D:\PlayWright_DemoQA_BrowserStackSDK\playwright-browserstack-sdk.config.js
2023-10-10 13:13:51 - [32minfo[39m: Local binary stopped
2023-10-10 13:16:02 - [32minfo[39m: Reading configs from D:\PlayWright_DemoQA_BrowserStackSDK\browserstack.yml
2023-10-10 13:16:06 - [32minfo[39m: Local binary started successfully
2023-10-10 13:16:07 - [32minfo[39m: Getting your playwright config from D:\PlayWright_DemoQA_BrowserStackSDK\playwright.config.ts
2023-10-10 13:16:07 - [32minfo[39m: Adding browserstack configs to setup for Observability
2023-10-10 13:16:07 - [32minfo[39m: Introducing BrowserStack Test Observability with enhanced debugging & insights for your tests. Please visit https://observability.browserstack.com to get access.
2023-10-10 13:16:23 - [32minfo[39m: View build on BrowserStack dashboard: https://automate.browserstack.com/dashboard/v2/builds/b0a9de5af8a59702c6c294d95b2ad3e0046b6262
2023-10-10 13:16:23 - [32minfo[39m: Deleting D:\PlayWright_DemoQA_BrowserStackSDK\playwright-browserstack-sdk.config.js
2023-10-10 13:16:26 - [32minfo[39m: Local binary stopped
2023-10-10 16:56:48 - [32minfo[39m: Reading configs from D:\PlayWright_DemoQA_BrowserStackSDK\browserstack.yml
2023-10-10 16:56:51 - [32minfo[39m: Local binary started successfully
2023-10-10 16:56:52 - [32minfo[39m: Getting your playwright config from D:\PlayWright_DemoQA_BrowserStackSDK\playwright.config.ts
2023-10-10 16:56:52 - [32minfo[39m: Adding browserstack configs to setup for Observability
2023-10-10 16:56:53 - [32minfo[39m: Introducing BrowserStack Test Observability with enhanced debugging & insights for your tests. Please visit https://observability.browserstack.com to get access.
2023-10-10 16:57:09 - [32minfo[39m: View build on BrowserStack dashboard: https://automate.browserstack.com/dashboard/v2/builds/8cf92bc3b4bb549d91352a52f9ac57cee966a34a
2023-10-10 16:57:09 - [32minfo[39m: Deleting D:\PlayWright_DemoQA_BrowserStackSDK\playwright-browserstack-sdk.config.js
2023-10-10 16:57:12 - [32minfo[39m: Local binary stopped
2023-10-11 00:22:09 - [32minfo[39m: Reading configs from D:\PlayWright_DemoQA_BrowserStackSDK\browserstack.yml
2023-10-11 00:22:13 - [32minfo[39m: Local binary started successfully
2023-10-11 00:22:14 - [32minfo[39m: Getting your playwright config from D:\PlayWright_DemoQA_BrowserStackSDK\playwright.config.ts
2023-10-11 00:22:14 - [32minfo[39m: Adding browserstack configs to setup for Observability
2023-10-11 00:22:15 - [32minfo[39m: Introducing BrowserStack Test Observability with enhanced debugging & insights for your tests. Please visit https://observability.browserstack.com to get access.
2023-10-11 00:22:31 - [32minfo[39m: View build on BrowserStack dashboard: https://automate.browserstack.com/dashboard/v2/builds/20521853ee3fd048b3fd99675822b159241b62f1
2023-10-11 00:22:31 - [32minfo[39m: Deleting D:\PlayWright_DemoQA_BrowserStackSDK\playwright-browserstack-sdk.config.js
2023-10-11 00:22:34 - [32minfo[39m: Local binary stopped
2023-10-11 00:23:01 - [32minfo[39m: Reading configs from D:\PlayWright_DemoQA_BrowserStackSDK\browserstack.yml
2023-10-11 00:23:04 - [32minfo[39m: Local binary started successfully
2023-10-11 00:23:05 - [32minfo[39m: Getting your playwright config from D:\PlayWright_DemoQA_BrowserStackSDK\playwright.config.ts
2023-10-11 00:23:05 - [32minfo[39m: Adding browserstack configs to setup for Observability
2023-10-11 00:23:06 - [32minfo[39m: Introducing BrowserStack Test Observability with enhanced debugging & insights for your tests. Please visit https://observability.browserstack.com to get access.
2023-10-11 00:23:40 - [31merror[39m: Cannot read properties of undefined (reading 'map')
2023-10-11 09:54:38 - [32minfo[39m: Reading configs from D:\PlayWright_DemoQA_BrowserStackSDK\browserstack.yml
2023-10-11 09:54:42 - [32minfo[39m: Local binary started successfully
2023-10-11 09:54:43 - [32minfo[39m: Getting your playwright config from D:\PlayWright_DemoQA_BrowserStackSDK\playwright.config.ts
2023-10-11 09:54:43 - [32minfo[39m: Adding browserstack configs to setup for Observability
2023-10-11 09:54:44 - [32minfo[39m: Introducing BrowserStack Test Observability with enhanced debugging & insights for your tests. Please visit https://observability.browserstack.com to get access.
2023-10-11 09:56:02 - [31merror[39m: Cannot read properties of undefined (reading 'map')
2023-10-11 09:56:04 - [32minfo[39m: Reading configs from D:\PlayWright_DemoQA_BrowserStackSDK\browserstack.yml
2023-10-11 09:56:07 - [32minfo[39m: Local binary started successfully
2023-10-11 09:56:08 - [32minfo[39m: Getting your playwright config from D:\PlayWright_DemoQA_BrowserStackSDK\playwright.config.ts
2023-10-11 09:56:08 - [32minfo[39m: Adding browserstack configs to setup for Observability
2023-10-11 09:56:09 - [32minfo[39m: Introducing BrowserStack Test Observability with enhanced debugging & insights for your tests. Please visit https://observability.browserstack.com to get access.
2023-10-11 09:57:33 - [32minfo[39m: Reading configs from D:\PlayWright_DemoQA_BrowserStackSDK\browserstack.yml
2023-10-11 09:57:36 - [32minfo[39m: Local binary started successfully
2023-10-11 09:57:37 - [32minfo[39m: Getting your playwright config from D:\PlayWright_DemoQA_BrowserStackSDK\playwright.config.ts
2023-10-11 09:57:37 - [32minfo[39m: Adding browserstack configs to setup for Observability
2023-10-11 09:57:38 - [32minfo[39m: Introducing BrowserStack Test Observability with enhanced debugging & insights for your tests. Please visit https://observability.browserstack.com to get access.
2023-10-11 09:58:09 - [31merror[39m: Cannot read properties of undefined (reading 'map')
2023-10-11 09:58:11 - [32minfo[39m: Reading configs from D:\PlayWright_DemoQA_BrowserStackSDK\browserstack.yml
2023-10-11 09:58:14 - [32minfo[39m: Local binary started successfully
2023-10-11 09:58:15 - [32minfo[39m: Getting your playwright config from D:\PlayWright_DemoQA_BrowserStackSDK\playwright.config.ts
2023-10-11 09:58:15 - [32minfo[39m: Adding browserstack configs to setup for Observability
2023-10-11 09:58:15 - [32minfo[39m: Introducing BrowserStack Test Observability with enhanced debugging & insights for your tests. Please visit https://observability.browserstack.com to get access.
2023-10-11 09:58:44 - [32minfo[39m: View build on BrowserStack dashboard: https://automate.browserstack.com/dashboard/v2/builds/e7179b80714195683d6246e4930aab66cebcc9e1
2023-10-11 09:58:44 - [32minfo[39m: Deleting D:\PlayWright_DemoQA_BrowserStackSDK\playwright-browserstack-sdk.config.js
2023-10-11 09:58:46 - [32minfo[39m: Local binary stopped
2023-10-11 09:59:21 - [32minfo[39m: Reading configs from D:\PlayWright_DemoQA_BrowserStackSDK\browserstack.yml
2023-10-11 09:59:24 - [32minfo[39m: Local binary started successfully
2023-10-11 09:59:25 - [32minfo[39m: Getting your playwright config from D:\PlayWright_DemoQA_BrowserStackSDK\playwright.config.ts
2023-10-11 09:59:25 - [32minfo[39m: Adding browserstack configs to setup for Observability
2023-10-11 09:59:26 - [32minfo[39m: Introducing BrowserStack Test Observability with enhanced debugging & insights for your tests. Please visit https://observability.browserstack.com to get access.
2023-10-11 09:59:59 - [32minfo[39m: View build on BrowserStack dashboard: https://automate.browserstack.com/dashboard/v2/builds/d16d8fa2e0c7e9472453bd64d3886fc52cff9212
2023-10-11 09:59:59 - [32minfo[39m: Deleting D:\PlayWright_DemoQA_BrowserStackSDK\playwright-browserstack-sdk.config.js
2023-10-11 10:00:02 - [32minfo[39m: Local binary stopped
